<?xml version="1.0" encoding="UTF-8"?>
<!-- Generated by org.testng.reporters.JUnitReportReporter -->
<testsuite hostname="LAPTOP-RECDC7GO" failures="0" tests="1" name="applicationpages.BaseUITest" time="16.561" errors="0" timestamp="2022-09-26T14:17:56 CAT" skipped="0">
  <testcase classname="applicationpages.BaseUITest" name="scenario1" time="16.561"/>
  <system-out/>
</testsuite> <!-- applicationpages.BaseUITest -->
